[debug] [2025-10-19T17:37:32.331Z] ----------------------------------------------------------------------
[debug] [2025-10-19T17:37:32.335Z] Command:       /usr/bin/node /usr/bin/firebase deploy --only hosting
[debug] [2025-10-19T17:37:32.336Z] CLI Version:   14.2.2
[debug] [2025-10-19T17:37:32.336Z] Platform:      linux
[debug] [2025-10-19T17:37:32.336Z] Node Version:  v22.17.1
[debug] [2025-10-19T17:37:32.339Z] Time:          Sun Oct 19 2025 19:37:32 GMT+0200 (Central European Summer Time)
[debug] [2025-10-19T17:37:32.339Z] ----------------------------------------------------------------------
[debug] 
[debug] [2025-10-19T17:37:32.993Z] > command requires scopes: ["email","openid","https://www.googleapis.com/auth/cloudplatformprojects.readonly","https://www.googleapis.com/auth/firebase","https://www.googleapis.com/auth/cloud-platform"]
[debug] [2025-10-19T17:37:32.994Z] > authorizing via signed-in user (villarroelfrank77@gmail.com)
[debug] [2025-10-19T17:37:32.994Z] [iam] checking project alterga-transport for permissions ["firebase.projects.get","firebasehosting.sites.update"]
[debug] [2025-10-19T17:37:32.996Z] Checked if tokens are valid: false, expires at: 1760892805732
[debug] [2025-10-19T17:37:32.996Z] Checked if tokens are valid: false, expires at: 1760892805732
[debug] [2025-10-19T17:37:32.996Z] > refreshing access token with scopes: []
[debug] [2025-10-19T17:37:32.998Z] >>> [apiv2][query] POST https://www.googleapis.com/oauth2/v3/token [none]
[debug] [2025-10-19T17:37:32.998Z] >>> [apiv2][body] POST https://www.googleapis.com/oauth2/v3/token [omitted]
[debug] [2025-10-19T17:37:33.181Z] <<< [apiv2][status] POST https://www.googleapis.com/oauth2/v3/token 200
[debug] [2025-10-19T17:37:33.181Z] <<< [apiv2][body] POST https://www.googleapis.com/oauth2/v3/token [omitted]
[debug] [2025-10-19T17:37:33.204Z] >>> [apiv2][query] POST https://cloudresourcemanager.googleapis.com/v1/projects/alterga-transport:testIamPermissions [none]
[debug] [2025-10-19T17:37:33.204Z] >>> [apiv2][(partial)header] POST https://cloudresourcemanager.googleapis.com/v1/projects/alterga-transport:testIamPermissions x-goog-quota-user=projects/alterga-transport
[debug] [2025-10-19T17:37:33.204Z] >>> [apiv2][body] POST https://cloudresourcemanager.googleapis.com/v1/projects/alterga-transport:testIamPermissions {"permissions":["firebase.projects.get","firebasehosting.sites.update"]}
[debug] [2025-10-19T17:37:33.994Z] <<< [apiv2][status] POST https://cloudresourcemanager.googleapis.com/v1/projects/alterga-transport:testIamPermissions 200
[debug] [2025-10-19T17:37:33.996Z] <<< [apiv2][body] POST https://cloudresourcemanager.googleapis.com/v1/projects/alterga-transport:testIamPermissions {"permissions":["firebase.projects.get","firebasehosting.sites.update"]}
[debug] [2025-10-19T17:37:33.998Z] Checked if tokens are valid: true, expires at: 1760899052181
[debug] [2025-10-19T17:37:33.999Z] Checked if tokens are valid: true, expires at: 1760899052181
[debug] [2025-10-19T17:37:34.000Z] >>> [apiv2][query] GET https://firebase.googleapis.com/v1beta1/projects/alterga-transport [none]
[debug] [2025-10-19T17:37:34.327Z] <<< [apiv2][status] GET https://firebase.googleapis.com/v1beta1/projects/alterga-transport 200
[debug] [2025-10-19T17:37:34.327Z] <<< [apiv2][body] GET https://firebase.googleapis.com/v1beta1/projects/alterga-transport {"projectId":"alterga-transport","projectNumber":"463464540409","displayName":"Alterga Transport","name":"projects/alterga-transport","resources":{"hostingSite":"alterga-transport","realtimeDatabaseInstance":"alterga-transport-default-rtdb"},"state":"ACTIVE","etag":"1_061af65e-3276-47fa-b059-b50f48bdb760"}
[info] 
[info] === Deploying to 'alterga-transport'...
[info] 
[info] i  deploying hosting 
[debug] [2025-10-19T17:37:34.376Z] Checked if tokens are valid: true, expires at: 1760899052181
[debug] [2025-10-19T17:37:34.376Z] Checked if tokens are valid: true, expires at: 1760899052181
[debug] [2025-10-19T17:37:34.376Z] >>> [apiv2][query] POST https://firebasehosting.googleapis.com/v1beta1/projects/-/sites/alterga-transport/versions [none]
[debug] [2025-10-19T17:37:34.376Z] >>> [apiv2][body] POST https://firebasehosting.googleapis.com/v1beta1/projects/-/sites/alterga-transport/versions {"status":"CREATED","labels":{"deployment-tool":"cli-firebase"}}
[debug] [2025-10-19T17:37:35.869Z] <<< [apiv2][status] POST https://firebasehosting.googleapis.com/v1beta1/projects/-/sites/alterga-transport/versions 200
[debug] [2025-10-19T17:37:35.880Z] <<< [apiv2][body] POST https://firebasehosting.googleapis.com/v1beta1/projects/-/sites/alterga-transport/versions {"name":"projects/463464540409/sites/alterga-transport/versions/a7f0c48a0595681b","status":"CREATED","config":{},"labels":{"deployment-tool":"cli-firebase"}}
[info] i  hosting[alterga-transport]: beginning deploy... 
[info] i  hosting[alterga-transport]: found 33 files in . 
[debug] [2025-10-19T17:37:35.927Z] [hosting] uploading with 200 concurrency
[debug] [2025-10-19T17:37:35.952Z] Checked if tokens are valid: true, expires at: 1760899052181
[debug] [2025-10-19T17:37:35.952Z] Checked if tokens are valid: true, expires at: 1760899052181
[debug] [2025-10-19T17:37:35.952Z] [hosting] hash cache [] stored for 33 files
[debug] [2025-10-19T17:37:35.953Z] [hosting][hash queue][FINAL] {"max":22,"min":0,"avg":2.121212121212121,"active":0,"complete":33,"success":33,"errored":0,"retried":0,"total":33,"elapsed":25}
[debug] [2025-10-19T17:37:35.953Z] >>> [apiv2][query] POST https://firebasehosting.googleapis.com/v1beta1/projects/463464540409/sites/alterga-transport/versions/a7f0c48a0595681b:populateFiles [none]
[debug] [2025-10-19T17:37:35.953Z] >>> [apiv2][body] POST https://firebasehosting.googleapis.com/v1beta1/projects/463464540409/sites/alterga-transport/versions/a7f0c48a0595681b:populateFiles {"files":{"/style.css":"c44b4599334283776d0554e48a0eebccbf4d6915af761d2ab54216a351de5c00","/logo.svg":"689304898e5e55fc668250c5f32770a675cfd1e7c5f7f1b37e6fc9dc4ea38ad6","/gasoline-level.png":"916c647a671607ae2ef8c5722e9b6e799c61dbb90e9f2bff99e2d81dc069dd4c","/firebase-config.js":"b939ba919f85e13d3f023aa750b62728692bbbf30282ba0f6eb460a56a335f60","/dashboard.html":"759e32665dbbf2a0217c399d568f2c09a9e9ee4247179284a045bf566aa44316","/dashboard.css":"60ee4029f16d720f36f8f5fd68030be93f59e3810b92c2c6cffb2a508b189f93","/car_default.png":"5446eedf70707974af64aeb1393f202f89671f0f44c9d6353e317f3dc65dff39","/REFUEL_SYSTEM.md":"9ef25b9f5f1dd31df1e0945e52f73656bf258f52679c084805cb006a8a32bbef","/README.md":"bebf7aa69515f189e7584e117052562d1b6f6bc07b02a5304af6a6fba65238c4","/API_REFERENCE.md":"a0ccbe8419f51e52477a8e873a4a183c114f4de1eb75229815b4784b975a40f4","/AGENTS.md":"963fce7f4e3f8b6b244f631ee18a80f5cd756889ec56d06d304a3c25f20ff1b2","/.git/description":"ebf7809b165f33d0c5879fe7647d39608e0b21e1e5ed37fd2252c7fdf5d2afdb","/.git/config":"5bc07fd836361aa0dcd0691ebd2d94b7d3644793a7c866fa89177f42641afc82","/.git/HEAD":"58766951e606b2022f59cd9f29b2917abd798a925686f219a831c72d3b896199","/.git/info/exclude":"0841f354ce5bda6aba7c2848439e18201772479d26a26106ced5c443157da145","/.git/hooks/update.sample":"6a1957323dcdd534fe6b5d80cb8136e322f486641fe0f1ee310c78561e7dcb3c","/.git/hooks/sendemail-validate.sample":"219c165aaa8b627c63dfb5bf8e5485c743ef2418142871fbbf69747fe0d8a511","/.git/hooks/push-to-checkout.sample":"6d55a2563d9bd108dc78bbda1a3b23b04fd1014c88a4eaa40522c4cce4532e30","/.git/hooks/prepare-commit-msg.sample":"791253db1313bc3ef670178bc27178e5defd3cbca19229de28129786521f7a2d","/.git/hooks/pre-receive.sample":"a826e94192017b07149249a669e5f821f158c0067e324a0966f453e135d0300b","/.git/hooks/pre-rebase.sample":"ea6bb9f5e46fb4e185c133cc78c22a277e4a835ac1076195840e7f19e5925866","/.git/hooks/pre-push.sample":"c5fbac9dd53cd5457adba45b919f4d1783069f85fa80d7394c962e930c727442","/.git/hooks/pre-merge-commit.sample":"2d8bfc21d7dc6ebd20a2cd76adf64596fe55766cb3047eafd03ed1725549a7ef","/.git/hooks/pre-commit.sample":"4c83b5a10ad9f09695af4942f2dcf5bf82816d2de56c9c5fdd5cabb47b84b1d9","/.git/hooks/pre-applypatch.sample":"87392294ad26a15ad76e4935a080002fd19e36b679dc9b5a86bfadc3892b5ed2","/.git/hooks/post-update.sample":"870dc18f471d0cdcc4e7c4e075192743b284be5a15c37829131af70159f9f5cf","/.git/hooks/fsmonitor-watchman.sample":"6f76d0d17964fee99d8a5c85833d62ddfe02e28fe22779acda1ccf6bd3494dc5","/.git/hooks/commit-msg.sample":"c2e6de548eee3869d069fddcc71627b25c6c2dfbb899c13460e2b64520dd4d5f","/.git/hooks/applypatch-msg.sample":"85aec6cb825ab54714baab1a14b0a971f3b47b2c8dbe82de9789b6a0d58fca64","/.git/FETCH_HEAD":"f61f27bd17de546264aa58f40f3aafaac7021e0ef69c17f6b1b4cd7664a037ec","/script.js":"d71706d06fe5a124aa62e5fe0bdcd9918e5c1f3aa1df4bbe346d127c598c5dba","/index.html":"dea86ea5a55fbe2514c5ff9036bda7e288c1c70f17330633c9755eaae7825c0d","/dashboard.js":"774e64ee63d30f43f5fc70b3c5ff1948f4d0b0f637e46a26257ad17958cb18d0"}}
[debug] [2025-10-19T17:37:36.328Z] <<< [apiv2][status] POST https://firebasehosting.googleapis.com/v1beta1/projects/463464540409/sites/alterga-transport/versions/a7f0c48a0595681b:populateFiles 200
[debug] [2025-10-19T17:37:36.328Z] <<< [apiv2][body] POST https://firebasehosting.googleapis.com/v1beta1/projects/463464540409/sites/alterga-transport/versions/a7f0c48a0595681b:populateFiles {"uploadRequiredHashes":["dea86ea5a55fbe2514c5ff9036bda7e288c1c70f17330633c9755eaae7825c0d","d71706d06fe5a124aa62e5fe0bdcd9918e5c1f3aa1df4bbe346d127c598c5dba","774e64ee63d30f43f5fc70b3c5ff1948f4d0b0f637e46a26257ad17958cb18d0"],"uploadUrl":"https://upload-firebasehosting.googleapis.com/upload/sites/alterga-transport/versions/a7f0c48a0595681b/files"}
[debug] [2025-10-19T17:37:36.329Z] Checked if tokens are valid: true, expires at: 1760899052181
[debug] [2025-10-19T17:37:36.329Z] Checked if tokens are valid: true, expires at: 1760899052181
[debug] [2025-10-19T17:37:36.329Z] Checked if tokens are valid: true, expires at: 1760899052181
[debug] [2025-10-19T17:37:36.329Z] Checked if tokens are valid: true, expires at: 1760899052181
[debug] [2025-10-19T17:37:36.330Z] Checked if tokens are valid: true, expires at: 1760899052181
[debug] [2025-10-19T17:37:36.330Z] Checked if tokens are valid: true, expires at: 1760899052181
[debug] [2025-10-19T17:37:36.330Z] >>> [apiv2][query] POST https://upload-firebasehosting.googleapis.com/upload/sites/alterga-transport/versions/a7f0c48a0595681b/files/dea86ea5a55fbe2514c5ff9036bda7e288c1c70f17330633c9755eaae7825c0d [none]
[debug] [2025-10-19T17:37:36.330Z] >>> [apiv2][body] POST https://upload-firebasehosting.googleapis.com/upload/sites/alterga-transport/versions/a7f0c48a0595681b/files/dea86ea5a55fbe2514c5ff9036bda7e288c1c70f17330633c9755eaae7825c0d [stream]
[debug] [2025-10-19T17:37:36.332Z] >>> [apiv2][query] POST https://upload-firebasehosting.googleapis.com/upload/sites/alterga-transport/versions/a7f0c48a0595681b/files/d71706d06fe5a124aa62e5fe0bdcd9918e5c1f3aa1df4bbe346d127c598c5dba [none]
[debug] [2025-10-19T17:37:36.334Z] >>> [apiv2][body] POST https://upload-firebasehosting.googleapis.com/upload/sites/alterga-transport/versions/a7f0c48a0595681b/files/d71706d06fe5a124aa62e5fe0bdcd9918e5c1f3aa1df4bbe346d127c598c5dba [stream]
[debug] [2025-10-19T17:37:36.344Z] >>> [apiv2][query] POST https://upload-firebasehosting.googleapis.com/upload/sites/alterga-transport/versions/a7f0c48a0595681b/files/774e64ee63d30f43f5fc70b3c5ff1948f4d0b0f637e46a26257ad17958cb18d0 [none]
[debug] [2025-10-19T17:37:36.344Z] >>> [apiv2][body] POST https://upload-firebasehosting.googleapis.com/upload/sites/alterga-transport/versions/a7f0c48a0595681b/files/774e64ee63d30f43f5fc70b3c5ff1948f4d0b0f637e46a26257ad17958cb18d0 [stream]
[debug] [2025-10-19T17:37:36.346Z] [hosting][populate queue][FINAL] {"max":379,"min":379,"avg":379,"active":0,"complete":1,"success":1,"errored":0,"retried":0,"total":1,"elapsed":395}
[debug] [2025-10-19T17:37:36.346Z] [hosting] uploads queued: 3
[debug] [2025-10-19T17:37:37.415Z] <<< [apiv2][status] POST https://upload-firebasehosting.googleapis.com/upload/sites/alterga-transport/versions/a7f0c48a0595681b/files/774e64ee63d30f43f5fc70b3c5ff1948f4d0b0f637e46a26257ad17958cb18d0 200
[debug] [2025-10-19T17:37:37.416Z] <<< [apiv2][body] POST https://upload-firebasehosting.googleapis.com/upload/sites/alterga-transport/versions/a7f0c48a0595681b/files/774e64ee63d30f43f5fc70b3c5ff1948f4d0b0f637e46a26257ad17958cb18d0 [stream]
[debug] [2025-10-19T17:37:37.506Z] <<< [apiv2][status] POST https://upload-firebasehosting.googleapis.com/upload/sites/alterga-transport/versions/a7f0c48a0595681b/files/d71706d06fe5a124aa62e5fe0bdcd9918e5c1f3aa1df4bbe346d127c598c5dba 200
[debug] [2025-10-19T17:37:37.506Z] <<< [apiv2][body] POST https://upload-firebasehosting.googleapis.com/upload/sites/alterga-transport/versions/a7f0c48a0595681b/files/d71706d06fe5a124aa62e5fe0bdcd9918e5c1f3aa1df4bbe346d127c598c5dba [stream]
[info] i  hosting: uploading new files [2/3] (66%) 
[debug] [2025-10-19T17:37:37.948Z] <<< [apiv2][status] POST https://upload-firebasehosting.googleapis.com/upload/sites/alterga-transport/versions/a7f0c48a0595681b/files/dea86ea5a55fbe2514c5ff9036bda7e288c1c70f17330633c9755eaae7825c0d 200
[debug] [2025-10-19T17:37:37.949Z] <<< [apiv2][body] POST https://upload-firebasehosting.googleapis.com/upload/sites/alterga-transport/versions/a7f0c48a0595681b/files/dea86ea5a55fbe2514c5ff9036bda7e288c1c70f17330633c9755eaae7825c0d [stream]
[debug] [2025-10-19T17:37:37.950Z] [hosting][upload queue][FINAL] {"max":1621,"min":1087,"avg":1295,"active":0,"complete":3,"success":3,"errored":0,"retried":0,"total":3,"elapsed":1622}
[info] i  hosting: upload complete 
[info] ✔  hosting[alterga-transport]: file upload complete 
[debug] [2025-10-19T17:37:37.950Z] [hosting] deploy completed after 2055ms
[debug] [2025-10-19T17:37:37.950Z] [
  {
    "config": {
      "public": ".",
      "ignore": [
        "firebase.json",
        "**/.*",
        "**/node_modules/**"
      ],
      "rewrites": [
        {
          "source": "**",
          "destination": "/index.html"
        }
      ],
      "site": "alterga-transport"
    },
    "version": "projects/463464540409/sites/alterga-transport/versions/a7f0c48a0595681b"
  }
]
[info] i  hosting[alterga-transport]: finalizing version... 
[debug] [2025-10-19T17:37:37.952Z] Checked if tokens are valid: true, expires at: 1760899052181
[debug] [2025-10-19T17:37:37.952Z] Checked if tokens are valid: true, expires at: 1760899052181
[debug] [2025-10-19T17:37:37.953Z] >>> [apiv2][query] PATCH https://firebasehosting.googleapis.com/v1beta1/projects/-/sites/alterga-transport/versions/a7f0c48a0595681b updateMask=status%2Cconfig
[debug] [2025-10-19T17:37:37.953Z] >>> [apiv2][body] PATCH https://firebasehosting.googleapis.com/v1beta1/projects/-/sites/alterga-transport/versions/a7f0c48a0595681b {"status":"FINALIZED","config":{"rewrites":[{"glob":"**","path":"/index.html"}]}}
[debug] [2025-10-19T17:37:38.241Z] <<< [apiv2][status] PATCH https://firebasehosting.googleapis.com/v1beta1/projects/-/sites/alterga-transport/versions/a7f0c48a0595681b 200
[debug] [2025-10-19T17:37:38.241Z] <<< [apiv2][body] PATCH https://firebasehosting.googleapis.com/v1beta1/projects/-/sites/alterga-transport/versions/a7f0c48a0595681b {"name":"projects/463464540409/sites/alterga-transport/versions/a7f0c48a0595681b","status":"FINALIZED","config":{"rewrites":[{"glob":"**","path":"/index.html"}]},"labels":{"deployment-tool":"cli-firebase"},"createTime":"2025-10-19T17:37:35.224243Z","createUser":{"email":"villarroelfrank77@gmail.com"},"finalizeTime":"2025-10-19T17:37:38.176190Z","finalizeUser":{"email":"villarroelfrank77@gmail.com"}}
[debug] [2025-10-19T17:37:38.241Z] [hosting] finalized version for alterga-transport:[object Object]
[info] ✔  hosting[alterga-transport]: version finalized 
[info] i  hosting[alterga-transport]: releasing new version... 
[debug] [2025-10-19T17:37:38.242Z] Checked if tokens are valid: true, expires at: 1760899052181
[debug] [2025-10-19T17:37:38.242Z] Checked if tokens are valid: true, expires at: 1760899052181
[debug] [2025-10-19T17:37:38.242Z] >>> [apiv2][query] POST https://firebasehosting.googleapis.com/v1beta1/projects/-/sites/alterga-transport/channels/live/releases versionName=projects%2F463464540409%2Fsites%2Falterga-transport%2Fversions%2Fa7f0c48a0595681b
[debug] [2025-10-19T17:37:38.242Z] >>> [apiv2][body] POST https://firebasehosting.googleapis.com/v1beta1/projects/-/sites/alterga-transport/channels/live/releases {}
[debug] [2025-10-19T17:37:38.486Z] <<< [apiv2][status] POST https://firebasehosting.googleapis.com/v1beta1/projects/-/sites/alterga-transport/channels/live/releases 200
[debug] [2025-10-19T17:37:38.487Z] <<< [apiv2][body] POST https://firebasehosting.googleapis.com/v1beta1/projects/-/sites/alterga-transport/channels/live/releases {"name":"projects/463464540409/sites/alterga-transport/channels/live/releases/1760895457880000","version":{"name":"projects/463464540409/sites/alterga-transport/versions/a7f0c48a0595681b","status":"FINALIZED","config":{"rewrites":[{"glob":"**","path":"/index.html"}]},"labels":{"deployment-tool":"cli-firebase"},"createTime":"2025-10-19T17:37:35.224243Z","createUser":{"email":"villarroelfrank77@gmail.com","imageUrl":"https://lh3.googleusercontent.com/a/ACg8ocLdUB_xbcr09GdeQWYyX9QtExCGjQz66PT70m74hFIAWlfCa4rs"},"finalizeTime":"2025-10-19T17:37:38.176190Z","finalizeUser":{"email":"villarroelfrank77@gmail.com","imageUrl":"https://lh3.googleusercontent.com/a/ACg8ocLdUB_xbcr09GdeQWYyX9QtExCGjQz66PT70m74hFIAWlfCa4rs"}},"type":"DEPLOY","releaseTime":"2025-10-19T17:37:37.880Z","releaseUser":{"email":"villarroelfrank77@gmail.com","imageUrl":"https://lh3.googleusercontent.com/a/ACg8ocLdUB_xbcr09GdeQWYyX9QtExCGjQz66PT70m74hFIAWlfCa4rs"}}
[debug] [2025-10-19T17:37:38.487Z] [hosting] release: {"name":"projects/463464540409/sites/alterga-transport/channels/live/releases/1760895457880000","version":{"name":"projects/463464540409/sites/alterga-transport/versions/a7f0c48a0595681b","status":"FINALIZED","config":{"rewrites":[{"glob":"**","path":"/index.html"}]},"labels":{"deployment-tool":"cli-firebase"},"createTime":"2025-10-19T17:37:35.224243Z","createUser":{"email":"villarroelfrank77@gmail.com","imageUrl":"https://lh3.googleusercontent.com/a/ACg8ocLdUB_xbcr09GdeQWYyX9QtExCGjQz66PT70m74hFIAWlfCa4rs"},"finalizeTime":"2025-10-19T17:37:38.176190Z","finalizeUser":{"email":"villarroelfrank77@gmail.com","imageUrl":"https://lh3.googleusercontent.com/a/ACg8ocLdUB_xbcr09GdeQWYyX9QtExCGjQz66PT70m74hFIAWlfCa4rs"}},"type":"DEPLOY","releaseTime":"2025-10-19T17:37:37.880Z","releaseUser":{"email":"villarroelfrank77@gmail.com","imageUrl":"https://lh3.googleusercontent.com/a/ACg8ocLdUB_xbcr09GdeQWYyX9QtExCGjQz66PT70m74hFIAWlfCa4rs"}}
[info] ✔  hosting[alterga-transport]: release complete 
[info] 
[info] ✔  Deploy complete! 
[info] 
[info] Project Console: https://console.firebase.google.com/project/alterga-transport/overview
[info] Hosting URL: https://alterga-transport.web.app
[debug] [2025-10-19T17:50:58.804Z] ----------------------------------------------------------------------
[debug] [2025-10-19T17:50:58.807Z] Command:       /usr/bin/node /usr/bin/firebase deploy --only hosting
[debug] [2025-10-19T17:50:58.807Z] CLI Version:   14.2.2
[debug] [2025-10-19T17:50:58.807Z] Platform:      linux
[debug] [2025-10-19T17:50:58.808Z] Node Version:  v22.17.1
[debug] [2025-10-19T17:50:58.808Z] Time:          Sun Oct 19 2025 19:50:58 GMT+0200 (Central European Summer Time)
[debug] [2025-10-19T17:50:58.808Z] ----------------------------------------------------------------------
[debug] 
[debug] [2025-10-19T17:50:59.121Z] > command requires scopes: ["email","openid","https://www.googleapis.com/auth/cloudplatformprojects.readonly","https://www.googleapis.com/auth/firebase","https://www.googleapis.com/auth/cloud-platform"]
[debug] [2025-10-19T17:50:59.123Z] > authorizing via signed-in user (villarroelfrank77@gmail.com)
[debug] [2025-10-19T17:50:59.123Z] [iam] checking project alterga-transport for permissions ["firebase.projects.get","firebasehosting.sites.update"]
[debug] [2025-10-19T17:50:59.124Z] Checked if tokens are valid: true, expires at: 1760899052181
[debug] [2025-10-19T17:50:59.124Z] Checked if tokens are valid: true, expires at: 1760899052181
[debug] [2025-10-19T17:50:59.125Z] >>> [apiv2][query] POST https://cloudresourcemanager.googleapis.com/v1/projects/alterga-transport:testIamPermissions [none]
[debug] [2025-10-19T17:50:59.125Z] >>> [apiv2][(partial)header] POST https://cloudresourcemanager.googleapis.com/v1/projects/alterga-transport:testIamPermissions x-goog-quota-user=projects/alterga-transport
[debug] [2025-10-19T17:50:59.126Z] >>> [apiv2][body] POST https://cloudresourcemanager.googleapis.com/v1/projects/alterga-transport:testIamPermissions {"permissions":["firebase.projects.get","firebasehosting.sites.update"]}
[debug] [2025-10-19T17:51:00.077Z] <<< [apiv2][status] POST https://cloudresourcemanager.googleapis.com/v1/projects/alterga-transport:testIamPermissions 200
[debug] [2025-10-19T17:51:00.077Z] <<< [apiv2][body] POST https://cloudresourcemanager.googleapis.com/v1/projects/alterga-transport:testIamPermissions {"permissions":["firebase.projects.get","firebasehosting.sites.update"]}
[debug] [2025-10-19T17:51:00.078Z] Checked if tokens are valid: true, expires at: 1760899052181
[debug] [2025-10-19T17:51:00.081Z] Checked if tokens are valid: true, expires at: 1760899052181
[debug] [2025-10-19T17:51:00.081Z] >>> [apiv2][query] GET https://firebase.googleapis.com/v1beta1/projects/alterga-transport [none]
[debug] [2025-10-19T17:51:00.520Z] <<< [apiv2][status] GET https://firebase.googleapis.com/v1beta1/projects/alterga-transport 200
[debug] [2025-10-19T17:51:00.520Z] <<< [apiv2][body] GET https://firebase.googleapis.com/v1beta1/projects/alterga-transport {"projectId":"alterga-transport","projectNumber":"463464540409","displayName":"Alterga Transport","name":"projects/alterga-transport","resources":{"hostingSite":"alterga-transport","realtimeDatabaseInstance":"alterga-transport-default-rtdb"},"state":"ACTIVE","etag":"1_061af65e-3276-47fa-b059-b50f48bdb760"}
[info] 
[info] === Deploying to 'alterga-transport'...
[info] 
[info] i  deploying hosting 
[debug] [2025-10-19T17:51:00.525Z] Checked if tokens are valid: true, expires at: 1760899052181
[debug] [2025-10-19T17:51:00.525Z] Checked if tokens are valid: true, expires at: 1760899052181
[debug] [2025-10-19T17:51:00.525Z] >>> [apiv2][query] POST https://firebasehosting.googleapis.com/v1beta1/projects/-/sites/alterga-transport/versions [none]
[debug] [2025-10-19T17:51:00.525Z] >>> [apiv2][body] POST https://firebasehosting.googleapis.com/v1beta1/projects/-/sites/alterga-transport/versions {"status":"CREATED","labels":{"deployment-tool":"cli-firebase"}}
[debug] [2025-10-19T17:51:01.780Z] <<< [apiv2][status] POST https://firebasehosting.googleapis.com/v1beta1/projects/-/sites/alterga-transport/versions 200
[debug] [2025-10-19T17:51:01.781Z] <<< [apiv2][body] POST https://firebasehosting.googleapis.com/v1beta1/projects/-/sites/alterga-transport/versions {"name":"projects/463464540409/sites/alterga-transport/versions/fce732c8dd6cf011","status":"CREATED","config":{},"labels":{"deployment-tool":"cli-firebase"}}
[info] i  hosting[alterga-transport]: beginning deploy... 
[info] i  hosting[alterga-transport]: found 33 files in . 
[debug] [2025-10-19T17:51:01.826Z] [hosting] uploading with 200 concurrency
[debug] [2025-10-19T17:51:01.850Z] Checked if tokens are valid: true, expires at: 1760899052181
[debug] [2025-10-19T17:51:01.850Z] Checked if tokens are valid: true, expires at: 1760899052181
[debug] [2025-10-19T17:51:01.851Z] [hosting] hash cache [] stored for 33 files
[debug] [2025-10-19T17:51:01.851Z] [hosting][hash queue][FINAL] {"max":20,"min":0,"avg":2.212121212121212,"active":0,"complete":33,"success":33,"errored":0,"retried":0,"total":33,"elapsed":24}
[debug] [2025-10-19T17:51:01.852Z] >>> [apiv2][query] POST https://firebasehosting.googleapis.com/v1beta1/projects/463464540409/sites/alterga-transport/versions/fce732c8dd6cf011:populateFiles [none]
[debug] [2025-10-19T17:51:01.852Z] >>> [apiv2][body] POST https://firebasehosting.googleapis.com/v1beta1/projects/463464540409/sites/alterga-transport/versions/fce732c8dd6cf011:populateFiles {"files":{"/style.css":"c44b4599334283776d0554e48a0eebccbf4d6915af761d2ab54216a351de5c00","/script.js":"d71706d06fe5a124aa62e5fe0bdcd9918e5c1f3aa1df4bbe346d127c598c5dba","/logo.svg":"689304898e5e55fc668250c5f32770a675cfd1e7c5f7f1b37e6fc9dc4ea38ad6","/index.html":"dea86ea5a55fbe2514c5ff9036bda7e288c1c70f17330633c9755eaae7825c0d","/gasoline-level.png":"916c647a671607ae2ef8c5722e9b6e799c61dbb90e9f2bff99e2d81dc069dd4c","/firebase-config.js":"b939ba919f85e13d3f023aa750b62728692bbbf30282ba0f6eb460a56a335f60","/car_default.png":"5446eedf70707974af64aeb1393f202f89671f0f44c9d6353e317f3dc65dff39","/REFUEL_SYSTEM.md":"9ef25b9f5f1dd31df1e0945e52f73656bf258f52679c084805cb006a8a32bbef","/README.md":"bebf7aa69515f189e7584e117052562d1b6f6bc07b02a5304af6a6fba65238c4","/API_REFERENCE.md":"a0ccbe8419f51e52477a8e873a4a183c114f4de1eb75229815b4784b975a40f4","/AGENTS.md":"963fce7f4e3f8b6b244f631ee18a80f5cd756889ec56d06d304a3c25f20ff1b2","/.git/description":"ebf7809b165f33d0c5879fe7647d39608e0b21e1e5ed37fd2252c7fdf5d2afdb","/.git/config":"5bc07fd836361aa0dcd0691ebd2d94b7d3644793a7c866fa89177f42641afc82","/.git/HEAD":"58766951e606b2022f59cd9f29b2917abd798a925686f219a831c72d3b896199","/.git/info/exclude":"0841f354ce5bda6aba7c2848439e18201772479d26a26106ced5c443157da145","/.git/hooks/update.sample":"6a1957323dcdd534fe6b5d80cb8136e322f486641fe0f1ee310c78561e7dcb3c","/.git/hooks/sendemail-validate.sample":"219c165aaa8b627c63dfb5bf8e5485c743ef2418142871fbbf69747fe0d8a511","/.git/hooks/push-to-checkout.sample":"6d55a2563d9bd108dc78bbda1a3b23b04fd1014c88a4eaa40522c4cce4532e30","/.git/hooks/prepare-commit-msg.sample":"791253db1313bc3ef670178bc27178e5defd3cbca19229de28129786521f7a2d","/.git/hooks/pre-receive.sample":"a826e94192017b07149249a669e5f821f158c0067e324a0966f453e135d0300b","/.git/hooks/pre-rebase.sample":"ea6bb9f5e46fb4e185c133cc78c22a277e4a835ac1076195840e7f19e5925866","/.git/hooks/pre-push.sample":"c5fbac9dd53cd5457adba45b919f4d1783069f85fa80d7394c962e930c727442","/.git/hooks/pre-merge-commit.sample":"2d8bfc21d7dc6ebd20a2cd76adf64596fe55766cb3047eafd03ed1725549a7ef","/.git/hooks/pre-commit.sample":"4c83b5a10ad9f09695af4942f2dcf5bf82816d2de56c9c5fdd5cabb47b84b1d9","/.git/hooks/pre-applypatch.sample":"87392294ad26a15ad76e4935a080002fd19e36b679dc9b5a86bfadc3892b5ed2","/.git/hooks/post-update.sample":"870dc18f471d0cdcc4e7c4e075192743b284be5a15c37829131af70159f9f5cf","/.git/hooks/fsmonitor-watchman.sample":"6f76d0d17964fee99d8a5c85833d62ddfe02e28fe22779acda1ccf6bd3494dc5","/.git/hooks/commit-msg.sample":"c2e6de548eee3869d069fddcc71627b25c6c2dfbb899c13460e2b64520dd4d5f","/.git/hooks/applypatch-msg.sample":"85aec6cb825ab54714baab1a14b0a971f3b47b2c8dbe82de9789b6a0d58fca64","/.git/FETCH_HEAD":"f61f27bd17de546264aa58f40f3aafaac7021e0ef69c17f6b1b4cd7664a037ec","/dashboard.js":"5f31260fdb008ec2987ed3b614614a1021515f2772ed0473627506c19738917c","/dashboard.html":"7f380cc2e011135085fa054d379651384d1733b5949785a0451e80ac46b9a43e","/dashboard.css":"3527594a691df0a9999d259547000a64465c12d518c4cbd9030f4a26346e9272"}}
[debug] [2025-10-19T17:51:02.110Z] <<< [apiv2][status] POST https://firebasehosting.googleapis.com/v1beta1/projects/463464540409/sites/alterga-transport/versions/fce732c8dd6cf011:populateFiles 200
[debug] [2025-10-19T17:51:02.111Z] <<< [apiv2][body] POST https://firebasehosting.googleapis.com/v1beta1/projects/463464540409/sites/alterga-transport/versions/fce732c8dd6cf011:populateFiles {"uploadRequiredHashes":["7f380cc2e011135085fa054d379651384d1733b5949785a0451e80ac46b9a43e","3527594a691df0a9999d259547000a64465c12d518c4cbd9030f4a26346e9272","5f31260fdb008ec2987ed3b614614a1021515f2772ed0473627506c19738917c"],"uploadUrl":"https://upload-firebasehosting.googleapis.com/upload/sites/alterga-transport/versions/fce732c8dd6cf011/files"}
[debug] [2025-10-19T17:51:02.111Z] Checked if tokens are valid: true, expires at: 1760899052181
[debug] [2025-10-19T17:51:02.111Z] Checked if tokens are valid: true, expires at: 1760899052181
[debug] [2025-10-19T17:51:02.112Z] Checked if tokens are valid: true, expires at: 1760899052181
[debug] [2025-10-19T17:51:02.112Z] Checked if tokens are valid: true, expires at: 1760899052181
[debug] [2025-10-19T17:51:02.112Z] Checked if tokens are valid: true, expires at: 1760899052181
[debug] [2025-10-19T17:51:02.112Z] Checked if tokens are valid: true, expires at: 1760899052181
[debug] [2025-10-19T17:51:02.112Z] >>> [apiv2][query] POST https://upload-firebasehosting.googleapis.com/upload/sites/alterga-transport/versions/fce732c8dd6cf011/files/7f380cc2e011135085fa054d379651384d1733b5949785a0451e80ac46b9a43e [none]
[debug] [2025-10-19T17:51:02.112Z] >>> [apiv2][body] POST https://upload-firebasehosting.googleapis.com/upload/sites/alterga-transport/versions/fce732c8dd6cf011/files/7f380cc2e011135085fa054d379651384d1733b5949785a0451e80ac46b9a43e [stream]
[debug] [2025-10-19T17:51:02.114Z] >>> [apiv2][query] POST https://upload-firebasehosting.googleapis.com/upload/sites/alterga-transport/versions/fce732c8dd6cf011/files/3527594a691df0a9999d259547000a64465c12d518c4cbd9030f4a26346e9272 [none]
[debug] [2025-10-19T17:51:02.114Z] >>> [apiv2][body] POST https://upload-firebasehosting.googleapis.com/upload/sites/alterga-transport/versions/fce732c8dd6cf011/files/3527594a691df0a9999d259547000a64465c12d518c4cbd9030f4a26346e9272 [stream]
[debug] [2025-10-19T17:51:02.115Z] >>> [apiv2][query] POST https://upload-firebasehosting.googleapis.com/upload/sites/alterga-transport/versions/fce732c8dd6cf011/files/5f31260fdb008ec2987ed3b614614a1021515f2772ed0473627506c19738917c [none]
[debug] [2025-10-19T17:51:02.115Z] >>> [apiv2][body] POST https://upload-firebasehosting.googleapis.com/upload/sites/alterga-transport/versions/fce732c8dd6cf011/files/5f31260fdb008ec2987ed3b614614a1021515f2772ed0473627506c19738917c [stream]
[debug] [2025-10-19T17:51:02.117Z] [hosting][populate queue][FINAL] {"max":263,"min":263,"avg":263,"active":0,"complete":1,"success":1,"errored":0,"retried":0,"total":1,"elapsed":268}
[debug] [2025-10-19T17:51:02.117Z] [hosting] uploads queued: 3
[debug] [2025-10-19T17:51:03.131Z] <<< [apiv2][status] POST https://upload-firebasehosting.googleapis.com/upload/sites/alterga-transport/versions/fce732c8dd6cf011/files/5f31260fdb008ec2987ed3b614614a1021515f2772ed0473627506c19738917c 200
[debug] [2025-10-19T17:51:03.131Z] <<< [apiv2][body] POST https://upload-firebasehosting.googleapis.com/upload/sites/alterga-transport/versions/fce732c8dd6cf011/files/5f31260fdb008ec2987ed3b614614a1021515f2772ed0473627506c19738917c [stream]
[debug] [2025-10-19T17:51:03.132Z] <<< [apiv2][status] POST https://upload-firebasehosting.googleapis.com/upload/sites/alterga-transport/versions/fce732c8dd6cf011/files/7f380cc2e011135085fa054d379651384d1733b5949785a0451e80ac46b9a43e 200
[debug] [2025-10-19T17:51:03.132Z] <<< [apiv2][body] POST https://upload-firebasehosting.googleapis.com/upload/sites/alterga-transport/versions/fce732c8dd6cf011/files/7f380cc2e011135085fa054d379651384d1733b5949785a0451e80ac46b9a43e [stream]
[debug] [2025-10-19T17:51:03.133Z] <<< [apiv2][status] POST https://upload-firebasehosting.googleapis.com/upload/sites/alterga-transport/versions/fce732c8dd6cf011/files/3527594a691df0a9999d259547000a64465c12d518c4cbd9030f4a26346e9272 200
[debug] [2025-10-19T17:51:03.133Z] <<< [apiv2][body] POST https://upload-firebasehosting.googleapis.com/upload/sites/alterga-transport/versions/fce732c8dd6cf011/files/3527594a691df0a9999d259547000a64465c12d518c4cbd9030f4a26346e9272 [stream]
[debug] [2025-10-19T17:51:03.133Z] [hosting][upload queue][FINAL] {"max":1021,"min":1020,"avg":1020.6666666666666,"active":0,"complete":3,"success":3,"errored":0,"retried":0,"total":3,"elapsed":1022}
[info] i  hosting: upload complete 
[info] ✔  hosting[alterga-transport]: file upload complete 
[debug] [2025-10-19T17:51:03.134Z] [hosting] deploy completed after 1347ms
[debug] [2025-10-19T17:51:03.134Z] [
  {
    "config": {
      "public": ".",
      "ignore": [
        "firebase.json",
        "**/.*",
        "**/node_modules/**"
      ],
      "rewrites": [
        {
          "source": "**",
          "destination": "/index.html"
        }
      ],
      "site": "alterga-transport"
    },
    "version": "projects/463464540409/sites/alterga-transport/versions/fce732c8dd6cf011"
  }
]
[info] i  hosting[alterga-transport]: finalizing version... 
[debug] [2025-10-19T17:51:03.135Z] Checked if tokens are valid: true, expires at: 1760899052181
[debug] [2025-10-19T17:51:03.135Z] Checked if tokens are valid: true, expires at: 1760899052181
[debug] [2025-10-19T17:51:03.136Z] >>> [apiv2][query] PATCH https://firebasehosting.googleapis.com/v1beta1/projects/-/sites/alterga-transport/versions/fce732c8dd6cf011 updateMask=status%2Cconfig
[debug] [2025-10-19T17:51:03.136Z] >>> [apiv2][body] PATCH https://firebasehosting.googleapis.com/v1beta1/projects/-/sites/alterga-transport/versions/fce732c8dd6cf011 {"status":"FINALIZED","config":{"rewrites":[{"glob":"**","path":"/index.html"}]}}
[debug] [2025-10-19T17:51:03.444Z] <<< [apiv2][status] PATCH https://firebasehosting.googleapis.com/v1beta1/projects/-/sites/alterga-transport/versions/fce732c8dd6cf011 200
[debug] [2025-10-19T17:51:03.444Z] <<< [apiv2][body] PATCH https://firebasehosting.googleapis.com/v1beta1/projects/-/sites/alterga-transport/versions/fce732c8dd6cf011 {"name":"projects/463464540409/sites/alterga-transport/versions/fce732c8dd6cf011","status":"FINALIZED","config":{"rewrites":[{"glob":"**","path":"/index.html"}]},"labels":{"deployment-tool":"cli-firebase"},"createTime":"2025-10-19T17:51:01.397634Z","createUser":{"email":"villarroelfrank77@gmail.com"},"finalizeTime":"2025-10-19T17:51:03.285574Z","finalizeUser":{"email":"villarroelfrank77@gmail.com"}}
[debug] [2025-10-19T17:51:03.444Z] [hosting] finalized version for alterga-transport:[object Object]
[info] ✔  hosting[alterga-transport]: version finalized 
[info] i  hosting[alterga-transport]: releasing new version... 
[debug] [2025-10-19T17:51:03.444Z] Checked if tokens are valid: true, expires at: 1760899052181
[debug] [2025-10-19T17:51:03.445Z] Checked if tokens are valid: true, expires at: 1760899052181
[debug] [2025-10-19T17:51:03.445Z] >>> [apiv2][query] POST https://firebasehosting.googleapis.com/v1beta1/projects/-/sites/alterga-transport/channels/live/releases versionName=projects%2F463464540409%2Fsites%2Falterga-transport%2Fversions%2Ffce732c8dd6cf011
[debug] [2025-10-19T17:51:03.445Z] >>> [apiv2][body] POST https://firebasehosting.googleapis.com/v1beta1/projects/-/sites/alterga-transport/channels/live/releases {}
[debug] [2025-10-19T17:51:03.749Z] <<< [apiv2][status] POST https://firebasehosting.googleapis.com/v1beta1/projects/-/sites/alterga-transport/channels/live/releases 200
[debug] [2025-10-19T17:51:03.753Z] <<< [apiv2][body] POST https://firebasehosting.googleapis.com/v1beta1/projects/-/sites/alterga-transport/channels/live/releases {"name":"projects/463464540409/sites/alterga-transport/channels/live/releases/1760896263082000","version":{"name":"projects/463464540409/sites/alterga-transport/versions/fce732c8dd6cf011","status":"FINALIZED","config":{"rewrites":[{"glob":"**","path":"/index.html"}]},"labels":{"deployment-tool":"cli-firebase"},"createTime":"2025-10-19T17:51:01.397634Z","createUser":{"email":"villarroelfrank77@gmail.com","imageUrl":"https://lh3.googleusercontent.com/a/ACg8ocLdUB_xbcr09GdeQWYyX9QtExCGjQz66PT70m74hFIAWlfCa4rs"},"finalizeTime":"2025-10-19T17:51:03.285574Z","finalizeUser":{"email":"villarroelfrank77@gmail.com","imageUrl":"https://lh3.googleusercontent.com/a/ACg8ocLdUB_xbcr09GdeQWYyX9QtExCGjQz66PT70m74hFIAWlfCa4rs"}},"type":"DEPLOY","releaseTime":"2025-10-19T17:51:03.082Z","releaseUser":{"email":"villarroelfrank77@gmail.com","imageUrl":"https://lh3.googleusercontent.com/a/ACg8ocLdUB_xbcr09GdeQWYyX9QtExCGjQz66PT70m74hFIAWlfCa4rs"}}
[debug] [2025-10-19T17:51:03.753Z] [hosting] release: {"name":"projects/463464540409/sites/alterga-transport/channels/live/releases/1760896263082000","version":{"name":"projects/463464540409/sites/alterga-transport/versions/fce732c8dd6cf011","status":"FINALIZED","config":{"rewrites":[{"glob":"**","path":"/index.html"}]},"labels":{"deployment-tool":"cli-firebase"},"createTime":"2025-10-19T17:51:01.397634Z","createUser":{"email":"villarroelfrank77@gmail.com","imageUrl":"https://lh3.googleusercontent.com/a/ACg8ocLdUB_xbcr09GdeQWYyX9QtExCGjQz66PT70m74hFIAWlfCa4rs"},"finalizeTime":"2025-10-19T17:51:03.285574Z","finalizeUser":{"email":"villarroelfrank77@gmail.com","imageUrl":"https://lh3.googleusercontent.com/a/ACg8ocLdUB_xbcr09GdeQWYyX9QtExCGjQz66PT70m74hFIAWlfCa4rs"}},"type":"DEPLOY","releaseTime":"2025-10-19T17:51:03.082Z","releaseUser":{"email":"villarroelfrank77@gmail.com","imageUrl":"https://lh3.googleusercontent.com/a/ACg8ocLdUB_xbcr09GdeQWYyX9QtExCGjQz66PT70m74hFIAWlfCa4rs"}}
[info] ✔  hosting[alterga-transport]: release complete 
[info] 
[info] ✔  Deploy complete! 
[info] 
[info] Project Console: https://console.firebase.google.com/project/alterga-transport/overview
[info] Hosting URL: https://alterga-transport.web.app
[debug] [2025-10-19T18:42:51.563Z] ----------------------------------------------------------------------
[debug] [2025-10-19T18:42:51.566Z] Command:       /usr/bin/node /usr/bin/firebase deploy --only hosting
[debug] [2025-10-19T18:42:51.567Z] CLI Version:   14.2.2
[debug] [2025-10-19T18:42:51.567Z] Platform:      linux
[debug] [2025-10-19T18:42:51.567Z] Node Version:  v22.17.1
[debug] [2025-10-19T18:42:51.568Z] Time:          Sun Oct 19 2025 20:42:51 GMT+0200 (Central European Summer Time)
[debug] [2025-10-19T18:42:51.568Z] ----------------------------------------------------------------------
[debug] 
[debug] [2025-10-19T18:42:51.876Z] > command requires scopes: ["email","openid","https://www.googleapis.com/auth/cloudplatformprojects.readonly","https://www.googleapis.com/auth/firebase","https://www.googleapis.com/auth/cloud-platform"]
[debug] [2025-10-19T18:42:51.877Z] > authorizing via signed-in user (villarroelfrank77@gmail.com)
[debug] [2025-10-19T18:42:51.877Z] [iam] checking project alterga-transport for permissions ["firebase.projects.get","firebasehosting.sites.update"]
[debug] [2025-10-19T18:42:51.879Z] Checked if tokens are valid: false, expires at: 1760899052181
[debug] [2025-10-19T18:42:51.879Z] Checked if tokens are valid: false, expires at: 1760899052181
[debug] [2025-10-19T18:42:51.879Z] > refreshing access token with scopes: []
[debug] [2025-10-19T18:42:51.881Z] >>> [apiv2][query] POST https://www.googleapis.com/oauth2/v3/token [none]
[debug] [2025-10-19T18:42:51.881Z] >>> [apiv2][body] POST https://www.googleapis.com/oauth2/v3/token [omitted]
[debug] [2025-10-19T18:42:52.061Z] <<< [apiv2][status] POST https://www.googleapis.com/oauth2/v3/token 200
[debug] [2025-10-19T18:42:52.061Z] <<< [apiv2][body] POST https://www.googleapis.com/oauth2/v3/token [omitted]
[debug] [2025-10-19T18:42:52.072Z] >>> [apiv2][query] POST https://cloudresourcemanager.googleapis.com/v1/projects/alterga-transport:testIamPermissions [none]
[debug] [2025-10-19T18:42:52.075Z] >>> [apiv2][(partial)header] POST https://cloudresourcemanager.googleapis.com/v1/projects/alterga-transport:testIamPermissions x-goog-quota-user=projects/alterga-transport
[debug] [2025-10-19T18:42:52.080Z] >>> [apiv2][body] POST https://cloudresourcemanager.googleapis.com/v1/projects/alterga-transport:testIamPermissions {"permissions":["firebase.projects.get","firebasehosting.sites.update"]}
[debug] [2025-10-19T18:42:52.883Z] <<< [apiv2][status] POST https://cloudresourcemanager.googleapis.com/v1/projects/alterga-transport:testIamPermissions 200
[debug] [2025-10-19T18:42:52.883Z] <<< [apiv2][body] POST https://cloudresourcemanager.googleapis.com/v1/projects/alterga-transport:testIamPermissions {"permissions":["firebase.projects.get","firebasehosting.sites.update"]}
[debug] [2025-10-19T18:42:52.884Z] Checked if tokens are valid: true, expires at: 1760902971062
[debug] [2025-10-19T18:42:52.884Z] Checked if tokens are valid: true, expires at: 1760902971062
[debug] [2025-10-19T18:42:52.884Z] >>> [apiv2][query] GET https://firebase.googleapis.com/v1beta1/projects/alterga-transport [none]
[debug] [2025-10-19T18:42:53.225Z] <<< [apiv2][status] GET https://firebase.googleapis.com/v1beta1/projects/alterga-transport 200
[debug] [2025-10-19T18:42:53.226Z] <<< [apiv2][body] GET https://firebase.googleapis.com/v1beta1/projects/alterga-transport {"projectId":"alterga-transport","projectNumber":"463464540409","displayName":"Alterga Transport","name":"projects/alterga-transport","resources":{"hostingSite":"alterga-transport","realtimeDatabaseInstance":"alterga-transport-default-rtdb"},"state":"ACTIVE","etag":"1_061af65e-3276-47fa-b059-b50f48bdb760"}
[info] 
[info] === Deploying to 'alterga-transport'...
[info] 
[info] i  deploying hosting 
[debug] [2025-10-19T18:42:53.231Z] Checked if tokens are valid: true, expires at: 1760902971062
[debug] [2025-10-19T18:42:53.231Z] Checked if tokens are valid: true, expires at: 1760902971062
[debug] [2025-10-19T18:42:53.231Z] >>> [apiv2][query] POST https://firebasehosting.googleapis.com/v1beta1/projects/-/sites/alterga-transport/versions [none]
[debug] [2025-10-19T18:42:53.231Z] >>> [apiv2][body] POST https://firebasehosting.googleapis.com/v1beta1/projects/-/sites/alterga-transport/versions {"status":"CREATED","labels":{"deployment-tool":"cli-firebase"}}
[debug] [2025-10-19T18:42:54.817Z] <<< [apiv2][status] POST https://firebasehosting.googleapis.com/v1beta1/projects/-/sites/alterga-transport/versions 200
[debug] [2025-10-19T18:42:54.817Z] <<< [apiv2][body] POST https://firebasehosting.googleapis.com/v1beta1/projects/-/sites/alterga-transport/versions {"name":"projects/463464540409/sites/alterga-transport/versions/2021babc612f1ea0","status":"CREATED","config":{},"labels":{"deployment-tool":"cli-firebase"}}
[info] i  hosting[alterga-transport]: beginning deploy... 
[info] i  hosting[alterga-transport]: found 33 files in . 
[debug] [2025-10-19T18:42:54.850Z] [hosting] uploading with 200 concurrency
[debug] [2025-10-19T18:42:54.868Z] Checked if tokens are valid: true, expires at: 1760902971062
[debug] [2025-10-19T18:42:54.869Z] Checked if tokens are valid: true, expires at: 1760902971062
[debug] [2025-10-19T18:42:54.869Z] [hosting] hash cache [] stored for 33 files
[debug] [2025-10-19T18:42:54.869Z] [hosting][hash queue][FINAL] {"max":12,"min":1,"avg":3.6363636363636362,"active":0,"complete":33,"success":33,"errored":0,"retried":0,"total":33,"elapsed":18}
[debug] [2025-10-19T18:42:54.870Z] >>> [apiv2][query] POST https://firebasehosting.googleapis.com/v1beta1/projects/463464540409/sites/alterga-transport/versions/2021babc612f1ea0:populateFiles [none]
[debug] [2025-10-19T18:42:54.870Z] >>> [apiv2][body] POST https://firebasehosting.googleapis.com/v1beta1/projects/463464540409/sites/alterga-transport/versions/2021babc612f1ea0:populateFiles {"files":{"/style.css":"c44b4599334283776d0554e48a0eebccbf4d6915af761d2ab54216a351de5c00","/script.js":"d71706d06fe5a124aa62e5fe0bdcd9918e5c1f3aa1df4bbe346d127c598c5dba","/logo.svg":"689304898e5e55fc668250c5f32770a675cfd1e7c5f7f1b37e6fc9dc4ea38ad6","/index.html":"dea86ea5a55fbe2514c5ff9036bda7e288c1c70f17330633c9755eaae7825c0d","/gasoline-level.png":"916c647a671607ae2ef8c5722e9b6e799c61dbb90e9f2bff99e2d81dc069dd4c","/firebase-config.js":"b939ba919f85e13d3f023aa750b62728692bbbf30282ba0f6eb460a56a335f60","/dashboard.css":"3527594a691df0a9999d259547000a64465c12d518c4cbd9030f4a26346e9272","/car_default.png":"5446eedf70707974af64aeb1393f202f89671f0f44c9d6353e317f3dc65dff39","/REFUEL_SYSTEM.md":"9ef25b9f5f1dd31df1e0945e52f73656bf258f52679c084805cb006a8a32bbef","/README.md":"bebf7aa69515f189e7584e117052562d1b6f6bc07b02a5304af6a6fba65238c4","/API_REFERENCE.md":"a0ccbe8419f51e52477a8e873a4a183c114f4de1eb75229815b4784b975a40f4","/AGENTS.md":"963fce7f4e3f8b6b244f631ee18a80f5cd756889ec56d06d304a3c25f20ff1b2","/.git/description":"ebf7809b165f33d0c5879fe7647d39608e0b21e1e5ed37fd2252c7fdf5d2afdb","/.git/config":"5bc07fd836361aa0dcd0691ebd2d94b7d3644793a7c866fa89177f42641afc82","/.git/HEAD":"58766951e606b2022f59cd9f29b2917abd798a925686f219a831c72d3b896199","/.git/info/exclude":"0841f354ce5bda6aba7c2848439e18201772479d26a26106ced5c443157da145","/.git/hooks/update.sample":"6a1957323dcdd534fe6b5d80cb8136e322f486641fe0f1ee310c78561e7dcb3c","/.git/hooks/sendemail-validate.sample":"219c165aaa8b627c63dfb5bf8e5485c743ef2418142871fbbf69747fe0d8a511","/.git/hooks/push-to-checkout.sample":"6d55a2563d9bd108dc78bbda1a3b23b04fd1014c88a4eaa40522c4cce4532e30","/.git/hooks/prepare-commit-msg.sample":"791253db1313bc3ef670178bc27178e5defd3cbca19229de28129786521f7a2d","/.git/hooks/pre-receive.sample":"a826e94192017b07149249a669e5f821f158c0067e324a0966f453e135d0300b","/.git/hooks/pre-rebase.sample":"ea6bb9f5e46fb4e185c133cc78c22a277e4a835ac1076195840e7f19e5925866","/.git/hooks/pre-push.sample":"c5fbac9dd53cd5457adba45b919f4d1783069f85fa80d7394c962e930c727442","/.git/hooks/pre-merge-commit.sample":"2d8bfc21d7dc6ebd20a2cd76adf64596fe55766cb3047eafd03ed1725549a7ef","/.git/hooks/pre-commit.sample":"4c83b5a10ad9f09695af4942f2dcf5bf82816d2de56c9c5fdd5cabb47b84b1d9","/.git/hooks/pre-applypatch.sample":"87392294ad26a15ad76e4935a080002fd19e36b679dc9b5a86bfadc3892b5ed2","/.git/hooks/post-update.sample":"870dc18f471d0cdcc4e7c4e075192743b284be5a15c37829131af70159f9f5cf","/.git/hooks/fsmonitor-watchman.sample":"6f76d0d17964fee99d8a5c85833d62ddfe02e28fe22779acda1ccf6bd3494dc5","/.git/hooks/commit-msg.sample":"c2e6de548eee3869d069fddcc71627b25c6c2dfbb899c13460e2b64520dd4d5f","/.git/hooks/applypatch-msg.sample":"85aec6cb825ab54714baab1a14b0a971f3b47b2c8dbe82de9789b6a0d58fca64","/.git/FETCH_HEAD":"f61f27bd17de546264aa58f40f3aafaac7021e0ef69c17f6b1b4cd7664a037ec","/dashboard.html":"4ce31411f635baf14ac417fb85795ed013b28a347e553b053400c41a9b90b5fa","/dashboard.js":"3fa56df10550e8df74f49a1b24d3f17f1c5238699e2101258ac9c418a1e7f07a"}}
[debug] [2025-10-19T18:42:55.214Z] <<< [apiv2][status] POST https://firebasehosting.googleapis.com/v1beta1/projects/463464540409/sites/alterga-transport/versions/2021babc612f1ea0:populateFiles 200
[debug] [2025-10-19T18:42:55.216Z] <<< [apiv2][body] POST https://firebasehosting.googleapis.com/v1beta1/projects/463464540409/sites/alterga-transport/versions/2021babc612f1ea0:populateFiles {"uploadRequiredHashes":["3fa56df10550e8df74f49a1b24d3f17f1c5238699e2101258ac9c418a1e7f07a","4ce31411f635baf14ac417fb85795ed013b28a347e553b053400c41a9b90b5fa"],"uploadUrl":"https://upload-firebasehosting.googleapis.com/upload/sites/alterga-transport/versions/2021babc612f1ea0/files"}
[debug] [2025-10-19T18:42:55.217Z] Checked if tokens are valid: true, expires at: 1760902971062
[debug] [2025-10-19T18:42:55.217Z] Checked if tokens are valid: true, expires at: 1760902971062
[debug] [2025-10-19T18:42:55.217Z] Checked if tokens are valid: true, expires at: 1760902971062
[debug] [2025-10-19T18:42:55.217Z] Checked if tokens are valid: true, expires at: 1760902971062
[debug] [2025-10-19T18:42:55.217Z] >>> [apiv2][query] POST https://upload-firebasehosting.googleapis.com/upload/sites/alterga-transport/versions/2021babc612f1ea0/files/3fa56df10550e8df74f49a1b24d3f17f1c5238699e2101258ac9c418a1e7f07a [none]
[debug] [2025-10-19T18:42:55.218Z] >>> [apiv2][body] POST https://upload-firebasehosting.googleapis.com/upload/sites/alterga-transport/versions/2021babc612f1ea0/files/3fa56df10550e8df74f49a1b24d3f17f1c5238699e2101258ac9c418a1e7f07a [stream]
[debug] [2025-10-19T18:42:55.222Z] >>> [apiv2][query] POST https://upload-firebasehosting.googleapis.com/upload/sites/alterga-transport/versions/2021babc612f1ea0/files/4ce31411f635baf14ac417fb85795ed013b28a347e553b053400c41a9b90b5fa [none]
[debug] [2025-10-19T18:42:55.222Z] >>> [apiv2][body] POST https://upload-firebasehosting.googleapis.com/upload/sites/alterga-transport/versions/2021babc612f1ea0/files/4ce31411f635baf14ac417fb85795ed013b28a347e553b053400c41a9b90b5fa [stream]
[debug] [2025-10-19T18:42:55.229Z] [hosting][populate queue][FINAL] {"max":349,"min":349,"avg":349,"active":0,"complete":1,"success":1,"errored":0,"retried":0,"total":1,"elapsed":361}
[debug] [2025-10-19T18:42:55.229Z] [hosting] uploads queued: 2
[debug] [2025-10-19T18:42:56.653Z] <<< [apiv2][status] POST https://upload-firebasehosting.googleapis.com/upload/sites/alterga-transport/versions/2021babc612f1ea0/files/4ce31411f635baf14ac417fb85795ed013b28a347e553b053400c41a9b90b5fa 200
[debug] [2025-10-19T18:42:56.653Z] <<< [apiv2][body] POST https://upload-firebasehosting.googleapis.com/upload/sites/alterga-transport/versions/2021babc612f1ea0/files/4ce31411f635baf14ac417fb85795ed013b28a347e553b053400c41a9b90b5fa [stream]
[debug] [2025-10-19T18:42:56.707Z] <<< [apiv2][status] POST https://upload-firebasehosting.googleapis.com/upload/sites/alterga-transport/versions/2021babc612f1ea0/files/3fa56df10550e8df74f49a1b24d3f17f1c5238699e2101258ac9c418a1e7f07a 200
[debug] [2025-10-19T18:42:56.707Z] <<< [apiv2][body] POST https://upload-firebasehosting.googleapis.com/upload/sites/alterga-transport/versions/2021babc612f1ea0/files/3fa56df10550e8df74f49a1b24d3f17f1c5238699e2101258ac9c418a1e7f07a [stream]
[debug] [2025-10-19T18:42:56.707Z] [hosting][upload queue][FINAL] {"max":1491,"min":1436,"avg":1463.5,"active":0,"complete":2,"success":2,"errored":0,"retried":0,"total":2,"elapsed":1491}
[info] i  hosting: upload complete 
[info] ✔  hosting[alterga-transport]: file upload complete 
[debug] [2025-10-19T18:42:56.708Z] [hosting] deploy completed after 1888ms
[debug] [2025-10-19T18:42:56.708Z] [
  {
    "config": {
      "public": ".",
      "ignore": [
        "firebase.json",
        "**/.*",
        "**/node_modules/**"
      ],
      "rewrites": [
        {
          "source": "**",
          "destination": "/index.html"
        }
      ],
      "site": "alterga-transport"
    },
    "version": "projects/463464540409/sites/alterga-transport/versions/2021babc612f1ea0"
  }
]
[info] i  hosting[alterga-transport]: finalizing version... 
[debug] [2025-10-19T18:42:56.710Z] Checked if tokens are valid: true, expires at: 1760902971062
[debug] [2025-10-19T18:42:56.710Z] Checked if tokens are valid: true, expires at: 1760902971062
[debug] [2025-10-19T18:42:56.710Z] >>> [apiv2][query] PATCH https://firebasehosting.googleapis.com/v1beta1/projects/-/sites/alterga-transport/versions/2021babc612f1ea0 updateMask=status%2Cconfig
[debug] [2025-10-19T18:42:56.710Z] >>> [apiv2][body] PATCH https://firebasehosting.googleapis.com/v1beta1/projects/-/sites/alterga-transport/versions/2021babc612f1ea0 {"status":"FINALIZED","config":{"rewrites":[{"glob":"**","path":"/index.html"}]}}
[debug] [2025-10-19T18:42:57.030Z] <<< [apiv2][status] PATCH https://firebasehosting.googleapis.com/v1beta1/projects/-/sites/alterga-transport/versions/2021babc612f1ea0 200
[debug] [2025-10-19T18:42:57.031Z] <<< [apiv2][body] PATCH https://firebasehosting.googleapis.com/v1beta1/projects/-/sites/alterga-transport/versions/2021babc612f1ea0 {"name":"projects/463464540409/sites/alterga-transport/versions/2021babc612f1ea0","status":"FINALIZED","config":{"rewrites":[{"glob":"**","path":"/index.html"}]},"labels":{"deployment-tool":"cli-firebase"},"createTime":"2025-10-19T18:42:54.184869Z","createUser":{"email":"villarroelfrank77@gmail.com"},"finalizeTime":"2025-10-19T18:42:56.963188Z","finalizeUser":{"email":"villarroelfrank77@gmail.com"}}
[debug] [2025-10-19T18:42:57.031Z] [hosting] finalized version for alterga-transport:[object Object]
[info] ✔  hosting[alterga-transport]: version finalized 
[info] i  hosting[alterga-transport]: releasing new version... 
[debug] [2025-10-19T18:42:57.031Z] Checked if tokens are valid: true, expires at: 1760902971062
[debug] [2025-10-19T18:42:57.031Z] Checked if tokens are valid: true, expires at: 1760902971062
[debug] [2025-10-19T18:42:57.031Z] >>> [apiv2][query] POST https://firebasehosting.googleapis.com/v1beta1/projects/-/sites/alterga-transport/channels/live/releases versionName=projects%2F463464540409%2Fsites%2Falterga-transport%2Fversions%2F2021babc612f1ea0
[debug] [2025-10-19T18:42:57.031Z] >>> [apiv2][body] POST https://firebasehosting.googleapis.com/v1beta1/projects/-/sites/alterga-transport/channels/live/releases {}
[debug] [2025-10-19T18:42:57.377Z] <<< [apiv2][status] POST https://firebasehosting.googleapis.com/v1beta1/projects/-/sites/alterga-transport/channels/live/releases 200
[debug] [2025-10-19T18:42:57.378Z] <<< [apiv2][body] POST https://firebasehosting.googleapis.com/v1beta1/projects/-/sites/alterga-transport/channels/live/releases {"name":"projects/463464540409/sites/alterga-transport/channels/live/releases/1760899376754000","version":{"name":"projects/463464540409/sites/alterga-transport/versions/2021babc612f1ea0","status":"FINALIZED","config":{"rewrites":[{"glob":"**","path":"/index.html"}]},"labels":{"deployment-tool":"cli-firebase"},"createTime":"2025-10-19T18:42:54.184869Z","createUser":{"email":"villarroelfrank77@gmail.com","imageUrl":"https://lh3.googleusercontent.com/a/ACg8ocLdUB_xbcr09GdeQWYyX9QtExCGjQz66PT70m74hFIAWlfCa4rs"},"finalizeTime":"2025-10-19T18:42:56.963188Z","finalizeUser":{"email":"villarroelfrank77@gmail.com","imageUrl":"https://lh3.googleusercontent.com/a/ACg8ocLdUB_xbcr09GdeQWYyX9QtExCGjQz66PT70m74hFIAWlfCa4rs"}},"type":"DEPLOY","releaseTime":"2025-10-19T18:42:56.754Z","releaseUser":{"email":"villarroelfrank77@gmail.com","imageUrl":"https://lh3.googleusercontent.com/a/ACg8ocLdUB_xbcr09GdeQWYyX9QtExCGjQz66PT70m74hFIAWlfCa4rs"}}
[debug] [2025-10-19T18:42:57.378Z] [hosting] release: {"name":"projects/463464540409/sites/alterga-transport/channels/live/releases/1760899376754000","version":{"name":"projects/463464540409/sites/alterga-transport/versions/2021babc612f1ea0","status":"FINALIZED","config":{"rewrites":[{"glob":"**","path":"/index.html"}]},"labels":{"deployment-tool":"cli-firebase"},"createTime":"2025-10-19T18:42:54.184869Z","createUser":{"email":"villarroelfrank77@gmail.com","imageUrl":"https://lh3.googleusercontent.com/a/ACg8ocLdUB_xbcr09GdeQWYyX9QtExCGjQz66PT70m74hFIAWlfCa4rs"},"finalizeTime":"2025-10-19T18:42:56.963188Z","finalizeUser":{"email":"villarroelfrank77@gmail.com","imageUrl":"https://lh3.googleusercontent.com/a/ACg8ocLdUB_xbcr09GdeQWYyX9QtExCGjQz66PT70m74hFIAWlfCa4rs"}},"type":"DEPLOY","releaseTime":"2025-10-19T18:42:56.754Z","releaseUser":{"email":"villarroelfrank77@gmail.com","imageUrl":"https://lh3.googleusercontent.com/a/ACg8ocLdUB_xbcr09GdeQWYyX9QtExCGjQz66PT70m74hFIAWlfCa4rs"}}
[info] ✔  hosting[alterga-transport]: release complete 
[info] 
[info] ✔  Deploy complete! 
[info] 
[info] Project Console: https://console.firebase.google.com/project/alterga-transport/overview
[info] Hosting URL: https://alterga-transport.web.app
